Arguments: 
  /usr/local/Cellar/node/16.0.0_1/bin/node /usr/local/Cellar/yarn/1.22.10/libexec/bin/yarn.js build

PATH: 
  /usr/local/bin:/usr/bin:/bin:/usr/sbin:/sbin

Yarn version: 
  1.22.10

Node version: 
  16.0.0

Platform: 
  darwin x64

Trace: 
  SyntaxError: /Users/dheerajs/Documents/Homeground/gitRepo/nexTrip/webpack-tutorial/package.json: Unexpected token } in JSON at position 306
      at JSON.parse (<anonymous>)
      at /usr/local/Cellar/yarn/1.22.10/libexec/lib/cli.js:1625:59
      at Generator.next (<anonymous>)
      at step (/usr/local/Cellar/yarn/1.22.10/libexec/lib/cli.js:310:30)
      at /usr/local/Cellar/yarn/1.22.10/libexec/lib/cli.js:321:13

npm manifest: 
  {
    "name": "webpack-tutorial",
    "version": "1.0.0",
    "description": "",
    "main": "index.js",
    "scripts": {
      "dev": "webpack --mode development",
      "fly": "webpack serve --open 'Firefox'",
      "build": "webpack --mode production",
      "test": "echo \"Error: no test specified\" && exit 1",
      
    },
    "keywords": [],
    "author": "",
    "license": "ISC",
    "devDependencies": {
      "@babel/core": "^7.14.0",
      "@babel/preset-env": "^7.14.0",
      "@babel/preset-react": "^7.13.13",
      "babel-loader": "^8.2.2",
      "css-loader": "^5.2.4",
      "html-webpack-plugin": "^5.3.1",
      "sass": "^1.32.12",
      "sass-loader": "^11.0.1",
      "style-loader": "^2.0.0",
      "webpack": "^5.36.1",
      "webpack-cli": "^4.6.0",
      "webpack-dev-server": "^3.11.2"
    },
    "dependencies": {
      "react": "^17.0.2",
      "react-dom": "^17.0.2"
    }
  }

yarn manifest: 
  No manifest

Lockfile: 
  No lockfile
